<?xml version="1.0" encoding="UTF-8"?>
<testng-results ignored="0" total="1" passed="1" failed="0" skipped="0">
  <reporter-output>
  </reporter-output>
  <suite started-at="2021-07-25T00:39:48 IST" name="sample.test.DemoTest" finished-at="2021-07-25T00:39:50 IST" duration-ms="2137">
    <groups>
    </groups>
    <test started-at="2021-07-25T00:39:48 IST" name="Command line test" finished-at="2021-07-25T00:39:50 IST" duration-ms="2137">
      <class name="sample.test.DemoTest">
        <test-method is-config="true" signature="setUp()[pri:0, instance:sample.test.DemoTest@5e955596]" started-at="2021-07-25T00:39:46 IST" name="setUp" finished-at="2021-07-25T00:39:48 IST" duration-ms="1916" status="PASS">
          <reporter-output>
          </reporter-output>
        </test-method> <!-- setUp -->
        <test-method signature="sampleTest()[pri:0, instance:sample.test.DemoTest@5e955596]" started-at="2021-07-25T00:39:48 IST" name="sampleTest" finished-at="2021-07-25T00:39:50 IST" duration-ms="2092" status="PASS">
          <reporter-output>
          </reporter-output>
        </test-method> <!-- sampleTest -->
      </class> <!-- sample.test.DemoTest -->
    </test> <!-- Command line test -->
  </suite> <!-- sample.test.DemoTest -->
</testng-results>
